<?xml version="1.0" encoding="UTF-8" standalone="no"?>
<!DOCTYPE log SYSTEM "logger.dtd">
<log>
<record>
  <date>2025-06-24T01:28:54.585597100Z</date>
  <millis>1750728534585</millis>
  <nanos>597100</nanos>
  <sequence>0</sequence>
  <logger>itri.sstc.freemarker.core.Language</logger>
  <level>INFO</level>
  <class>itri.sstc.freemarker.core.Language</class>
  <method>init</method>
  <thread>1</thread>
  <message>初始化語言庫 ...</message>
</record>
<record>
  <date>2025-06-24T01:28:54.637883200Z</date>
  <millis>1750728534637</millis>
  <nanos>883200</nanos>
  <sequence>1</sequence>
  <logger>itri.sstc.freemarker.core.Language</logger>
  <level>INFO</level>
  <class>itri.sstc.freemarker.core.Language$1</class>
  <method>accept</method>
  <thread>1</thread>
  <message>Load language for en_US, file=messages_en_US.properties</message>
</record>
<record>
  <date>2025-06-24T01:28:54.641932400Z</date>
  <millis>1750728534641</millis>
  <nanos>932400</nanos>
  <sequence>2</sequence>
  <logger>itri.sstc.freemarker.core.Language</logger>
  <level>INFO</level>
  <class>itri.sstc.freemarker.core.Language$1</class>
  <method>accept</method>
  <thread>1</thread>
  <message>Load language for zh_TW, file=messages_zh_TW.properties</message>
</record>
<record>
  <date>2025-06-24T01:28:54.642919100Z</date>
  <millis>1750728534642</millis>
  <nanos>919100</nanos>
  <sequence>3</sequence>
  <logger>itri.sstc.freemarker.core.Language</logger>
  <level>INFO</level>
  <class>itri.sstc.freemarker.core.Language</class>
  <method>init</method>
  <thread>1</thread>
  <message>初始化語言庫 OK</message>
</record>
<record>
  <date>2025-06-24T01:28:54.844146200Z</date>
  <millis>1750728534844</millis>
  <nanos>146200</nanos>
  <sequence>4</sequence>
  <logger>itri.sstc.framework.core.httpd.HttpService</logger>
  <level>WARNING</level>
  <class>itri.sstc.framework.core.httpd.HttpService</class>
  <method>&lt;init&gt;</method>
  <thread>1</thread>
  <message>Class itri.sstc.framwork.core.api.API 沒有定義適合的建構子</message>
</record>
<record>
  <date>2025-06-24T01:28:54.882160800Z</date>
  <millis>1750728534882</millis>
  <nanos>160800</nanos>
  <sequence>5</sequence>
  <logger>itri.sstc.framework.core.httpd.HttpService</logger>
  <level>WARNING</level>
  <class>itri.sstc.framework.core.httpd.HttpService</class>
  <method>&lt;init&gt;</method>
  <thread>1</thread>
  <message>Class demo.freemarker.handler.restfulapi.FileManagerRESTfulAPI 沒有定義適合的建構子</message>
</record>
<record>
  <date>2025-06-24T01:28:54.917706600Z</date>
  <millis>1750728534917</millis>
  <nanos>706600</nanos>
  <sequence>6</sequence>
  <logger>itri.sstc.framework.core.api.RESTfulAPI</logger>
  <level>INFO</level>
  <class>itri.sstc.freemarker.httpd.FreemarkerAPI</class>
  <method>&lt;init&gt;</method>
  <thread>1</thread>
  <message>新增 RootAPI 實例</message>
</record>
<record>
  <date>2025-06-24T01:28:54.929759300Z</date>
  <millis>1750728534929</millis>
  <nanos>759300</nanos>
  <sequence>7</sequence>
  <logger>itri.sstc.framework.core.httpd.HttpService</logger>
  <level>INFO</level>
  <class>itri.sstc.framework.core.httpd.HttpService</class>
  <method>&lt;init&gt;</method>
  <thread>1</thread>
  <message>初始化 LiteHttpd Service 完成</message>
</record>
<record>
  <date>2025-06-24T01:28:54.943317Z</date>
  <millis>1750728534943</millis>
  <nanos>317000</nanos>
  <sequence>8</sequence>
  <logger>itri.sstc.freemarker.core.FMTemplateEngine</logger>
  <level>INFO</level>
  <class>itri.sstc.freemarker.core.FMTemplateEngine</class>
  <method>init</method>
  <thread>1</thread>
  <message>建立 dtxstore FTL處理器, ClassName: demo.freemarker.handler.page.DtxStorePage</message>
</record>
<record>
  <date>2025-06-24T01:28:54.948411400Z</date>
  <millis>1750728534948</millis>
  <nanos>411400</nanos>
  <sequence>9</sequence>
  <logger>itri.sstc.freemarker.core.RequestHandler</logger>
  <level>INFO</level>
  <class>itri.sstc.freemarker.core.RequestHandler</class>
  <method>init</method>
  <thread>1</thread>
  <message>Assign method register to pattern dtxstore/register</message>
</record>
<record>
  <date>2025-06-24T01:28:54.949427700Z</date>
  <millis>1750728534949</millis>
  <nanos>427700</nanos>
  <sequence>10</sequence>
  <logger>itri.sstc.freemarker.core.RequestHandler</logger>
  <level>INFO</level>
  <class>itri.sstc.freemarker.core.RequestHandler</class>
  <method>init</method>
  <thread>1</thread>
  <message>Assign method query to pattern dtxstore/query</message>
</record>
<record>
  <date>2025-06-24T01:28:54.949427700Z</date>
  <millis>1750728534949</millis>
  <nanos>427700</nanos>
  <sequence>11</sequence>
  <logger>itri.sstc.freemarker.core.RequestHandler</logger>
  <level>INFO</level>
  <class>itri.sstc.freemarker.core.RequestHandler</class>
  <method>init</method>
  <thread>1</thread>
  <message>Assign method home to pattern dtxstore/home</message>
</record>
<record>
  <date>2025-06-24T01:28:54.950452900Z</date>
  <millis>1750728534950</millis>
  <nanos>452900</nanos>
  <sequence>12</sequence>
  <logger>itri.sstc.freemarker.core.RequestHandler</logger>
  <level>INFO</level>
  <class>itri.sstc.freemarker.core.RequestHandler</class>
  <method>init</method>
  <thread>1</thread>
  <message>Assign method application to pattern dtxstore/application</message>
</record>
<record>
  <date>2025-06-24T01:28:54.950452900Z</date>
  <millis>1750728534950</millis>
  <nanos>452900</nanos>
  <sequence>13</sequence>
  <logger>itri.sstc.freemarker.core.RequestHandler</logger>
  <level>INFO</level>
  <class>itri.sstc.freemarker.core.RequestHandler</class>
  <method>init</method>
  <thread>1</thread>
  <message>Assign method index1 to pattern dtxstore/</message>
</record>
<record>
  <date>2025-06-24T01:28:54.950452900Z</date>
  <millis>1750728534950</millis>
  <nanos>452900</nanos>
  <sequence>14</sequence>
  <logger>itri.sstc.freemarker.core.RequestHandler</logger>
  <level>INFO</level>
  <class>itri.sstc.freemarker.core.RequestHandler</class>
  <method>init</method>
  <thread>1</thread>
  <message>Assign method library to pattern dtxstore/library</message>
</record>
<record>
  <date>2025-06-24T01:28:54.951437600Z</date>
  <millis>1750728534951</millis>
  <nanos>437600</nanos>
  <sequence>15</sequence>
  <logger>itri.sstc.freemarker.core.RequestHandler</logger>
  <level>INFO</level>
  <class>itri.sstc.freemarker.core.RequestHandler</class>
  <method>init</method>
  <thread>1</thread>
  <message>Assign method login to pattern dtxstore/login</message>
</record>
<record>
  <date>2025-06-24T01:28:54.951437600Z</date>
  <millis>1750728534951</millis>
  <nanos>437600</nanos>
  <sequence>16</sequence>
  <logger>itri.sstc.freemarker.core.RequestHandler</logger>
  <level>INFO</level>
  <class>itri.sstc.freemarker.core.RequestHandler</class>
  <method>init</method>
  <thread>1</thread>
  <message>Assign method logout to pattern dtxstore/logout</message>
</record>
<record>
  <date>2025-06-24T01:28:54.952423300Z</date>
  <millis>1750728534952</millis>
  <nanos>423300</nanos>
  <sequence>17</sequence>
  <logger>itri.sstc.freemarker.core.RequestHandler</logger>
  <level>INFO</level>
  <class>itri.sstc.freemarker.core.RequestHandler</class>
  <method>init</method>
  <thread>1</thread>
  <message>Assign method manageLesson to pattern dtxstore/manage/edit</message>
</record>
<record>
  <date>2025-06-24T01:28:54.952423300Z</date>
  <millis>1750728534952</millis>
  <nanos>423300</nanos>
  <sequence>18</sequence>
  <logger>itri.sstc.freemarker.core.RequestHandler</logger>
  <level>INFO</level>
  <class>itri.sstc.freemarker.core.RequestHandler</class>
  <method>init</method>
  <thread>1</thread>
  <message>Assign method steamAppImport to pattern dtxstore/manage/SteamAppImport</message>
</record>
<record>
  <date>2025-06-24T01:28:54.952423300Z</date>
  <millis>1750728534952</millis>
  <nanos>423300</nanos>
  <sequence>19</sequence>
  <logger>itri.sstc.freemarker.core.RequestHandler</logger>
  <level>INFO</level>
  <class>itri.sstc.freemarker.core.RequestHandler</class>
  <method>init</method>
  <thread>1</thread>
  <message>Assign method pointsHistory to pattern dtxstore/account/pointhistory</message>
</record>
<record>
  <date>2025-06-24T01:28:54.953427500Z</date>
  <millis>1750728534953</millis>
  <nanos>427500</nanos>
  <sequence>20</sequence>
  <logger>itri.sstc.freemarker.core.RequestHandler</logger>
  <level>INFO</level>
  <class>itri.sstc.freemarker.core.RequestHandler</class>
  <method>init</method>
  <thread>1</thread>
  <message>Assign method developScratch to pattern dtxstore/develop/scratch</message>
</record>
<record>
  <date>2025-06-24T01:28:54.953427500Z</date>
  <millis>1750728534953</millis>
  <nanos>427500</nanos>
  <sequence>21</sequence>
  <logger>itri.sstc.freemarker.core.RequestHandler</logger>
  <level>INFO</level>
  <class>itri.sstc.freemarker.core.RequestHandler</class>
  <method>init</method>
  <thread>1</thread>
  <message>Assign method manageUpload to pattern dtxstore/manage/upload</message>
</record>
<record>
  <date>2025-06-24T01:28:54.954475800Z</date>
  <millis>1750728534954</millis>
  <nanos>475800</nanos>
  <sequence>22</sequence>
  <logger>itri.sstc.freemarker.core.RequestHandler</logger>
  <level>INFO</level>
  <class>itri.sstc.freemarker.core.RequestHandler</class>
  <method>init</method>
  <thread>1</thread>
  <message>Assign method dashboard to pattern dtxstore/dashboard</message>
</record>
<record>
  <date>2025-06-24T01:28:54.954475800Z</date>
  <millis>1750728534954</millis>
  <nanos>475800</nanos>
  <sequence>23</sequence>
  <logger>itri.sstc.freemarker.core.RequestHandler</logger>
  <level>INFO</level>
  <class>itri.sstc.freemarker.core.RequestHandler</class>
  <method>init</method>
  <thread>1</thread>
  <message>Assign method manageList to pattern dtxstore/manage/list</message>
</record>
<record>
  <date>2025-06-24T01:28:54.955576600Z</date>
  <millis>1750728534955</millis>
  <nanos>576600</nanos>
  <sequence>24</sequence>
  <logger>itri.sstc.freemarker.core.RequestHandler</logger>
  <level>INFO</level>
  <class>itri.sstc.freemarker.core.RequestHandler</class>
  <method>init</method>
  <thread>1</thread>
  <message>Assign method index0 to pattern dtxstore</message>
</record>
<record>
  <date>2025-06-24T01:28:54.956693900Z</date>
  <millis>1750728534956</millis>
  <nanos>693900</nanos>
  <sequence>25</sequence>
  <logger>itri.sstc.freemarker.core.FMTemplateEngine</logger>
  <level>INFO</level>
  <class>itri.sstc.freemarker.core.FMTemplateEngine</class>
  <method>init</method>
  <thread>1</thread>
  <message>初始化 dtxstore FTL處理器 OK</message>
</record>
<record>
  <date>2025-06-24T01:28:54.956693900Z</date>
  <millis>1750728534956</millis>
  <nanos>693900</nanos>
  <sequence>26</sequence>
  <logger>itri.sstc.freemarker.core.FMTemplateEngine</logger>
  <level>INFO</level>
  <class>itri.sstc.freemarker.core.FMTemplateEngine</class>
  <method>init</method>
  <thread>1</thread>
  <message>初始化 FreeMarker 樣版引擎 ...</message>
</record>
<record>
  <date>2025-06-24T01:28:55.013085300Z</date>
  <millis>1750728535013</millis>
  <nanos>85300</nanos>
  <sequence>27</sequence>
  <logger>itri.sstc.freemarker.core.FMTemplateEngine</logger>
  <level>INFO</level>
  <class>itri.sstc.freemarker.core.FMTemplateEngine</class>
  <method>init</method>
  <thread>1</thread>
  <message>初始化 FreeMarker 樣版引擎 OK</message>
</record>
<record>
  <date>2025-06-24T01:28:55.013085300Z</date>
  <millis>1750728535013</millis>
  <nanos>85300</nanos>
  <sequence>28</sequence>
  <logger>itri.sstc.framework.core.httpd.session.HttpSessionManager</logger>
  <level>INFO</level>
  <class>itri.sstc.framework.core.httpd.session.HttpSessionManager</class>
  <method>start</method>
  <thread>1</thread>
  <message>啟用 HttpSessionManager OK</message>
</record>
<record>
  <date>2025-06-24T01:28:55.014070300Z</date>
  <millis>1750728535014</millis>
  <nanos>70300</nanos>
  <sequence>29</sequence>
  <logger>itri.sstc.framework.core.httpd.HttpService</logger>
  <level>INFO</level>
  <class>itri.sstc.framework.core.httpd.HttpService</class>
  <method>startService</method>
  <thread>1</thread>
  <message>啟動 LiteHttpd Service(Port 7000)</message>
</record>
<record>
  <date>2025-06-24T01:28:55.015044200Z</date>
  <millis>1750728535015</millis>
  <nanos>44200</nanos>
  <sequence>30</sequence>
  <logger>itri.sstc.framework.core.httpd.HttpService</logger>
  <level>INFO</level>
  <class>itri.sstc.framework.core.httpd.HttpService</class>
  <method>log</method>
  <thread>1</thread>
  <message>Start FreeMarkerService OK</message>
</record>
<record>
  <date>2025-06-24T01:29:18.589521Z</date>
  <millis>1750728558589</millis>
  <nanos>521000</nanos>
  <sequence>31</sequence>
  <logger>itri.sstc.framework.core.api.RESTfulAPI</logger>
  <level>INFO</level>
  <class>itri.sstc.framework.core.api.RESTfulAPI</class>
  <method>log</method>
  <thread>39</thread>
  <message>"/DtxTag/api/" Call API get</message>
</record>
<record>
  <date>2025-06-24T01:29:23.733388Z</date>
  <millis>1750728563733</millis>
  <nanos>388000</nanos>
  <sequence>32</sequence>
  <logger>itri.sstc.framework.core.api.RESTfulAPI</logger>
  <level>INFO</level>
  <class>itri.sstc.framework.core.api.RESTfulAPI</class>
  <method>log</method>
  <thread>42</thread>
  <message>"/DtxTag/api/" Call API get</message>
</record>
<record>
  <date>2025-06-24T01:29:23.754181300Z</date>
  <millis>1750728563754</millis>
  <nanos>181300</nanos>
  <sequence>33</sequence>
  <logger>itri.sstc.framework.core.api.RESTfulAPI</logger>
  <level>INFO</level>
  <class>itri.sstc.framework.core.api.RESTfulAPI</class>
  <method>log</method>
  <thread>43</thread>
  <message>"/DtxTag/api/" Call API list</message>
</record>
<record>
  <date>2025-06-24T01:30:59.671035500Z</date>
  <millis>1750728659671</millis>
  <nanos>35500</nanos>
  <sequence>34</sequence>
  <logger>itri.sstc.framework.core.api.RESTfulAPI</logger>
  <level>INFO</level>
  <class>itri.sstc.framework.core.api.RESTfulAPI</class>
  <method>log</method>
  <thread>44</thread>
  <message>"/DtxTag/api/" Call API get</message>
</record>
<record>
  <date>2025-06-24T01:30:59.674986100Z</date>
  <millis>1750728659674</millis>
  <nanos>986100</nanos>
  <sequence>35</sequence>
  <logger>itri.sstc.framework.core.api.RESTfulAPI</logger>
  <level>INFO</level>
  <class>itri.sstc.framework.core.api.RESTfulAPI</class>
  <method>log</method>
  <thread>45</thread>
  <message>"/DtxTag/api/" Call API list</message>
</record>
<record>
  <date>2025-06-24T01:40:59.631067Z</date>
  <millis>1750729259631</millis>
  <nanos>67000</nanos>
  <sequence>36</sequence>
  <logger>itri.sstc.framework.core.api.RESTfulAPI</logger>
  <level>INFO</level>
  <class>itri.sstc.framework.core.api.RESTfulAPI</class>
  <method>log</method>
  <thread>46</thread>
  <message>"/DtxTag/api/" Call API get</message>
</record>
<record>
  <date>2025-06-24T01:40:59.636405Z</date>
  <millis>1750729259636</millis>
  <nanos>405000</nanos>
  <sequence>37</sequence>
  <logger>itri.sstc.framework.core.api.RESTfulAPI</logger>
  <level>INFO</level>
  <class>itri.sstc.framework.core.api.RESTfulAPI</class>
  <method>log</method>
  <thread>47</thread>
  <message>"/DtxTag/api/" Call API list</message>
</record>
<record>
  <date>2025-06-24T01:41:01.484008Z</date>
  <millis>1750729261484</millis>
  <nanos>8000</nanos>
  <sequence>38</sequence>
  <logger>itri.sstc.framework.core.api.RESTfulAPI</logger>
  <level>INFO</level>
  <class>itri.sstc.framework.core.api.RESTfulAPI</class>
  <method>log</method>
  <thread>48</thread>
  <message>"/DtxTag/api/" Call API get</message>
</record>
<record>
  <date>2025-06-24T01:41:01.487423700Z</date>
  <millis>1750729261487</millis>
  <nanos>423700</nanos>
  <sequence>39</sequence>
  <logger>itri.sstc.framework.core.api.RESTfulAPI</logger>
  <level>INFO</level>
  <class>itri.sstc.framework.core.api.RESTfulAPI</class>
  <method>log</method>
  <thread>49</thread>
  <message>"/DtxTag/api/" Call API list</message>
</record>
